<?xml version="1.0" encoding="UTF-8" ?>
<testsuite failures="0" time="20.859" errors="0" skipped="0" tests="5" name="TestSuite">
  <properties>
    <property name="java.runtime.name" value="Java(TM) SE Runtime Environment"/>
    <property name="sun.boot.library.path" value="/System/Library/Java/JavaVirtualMachines/1.6.0.jdk/Contents/Libraries"/>
    <property name="java.vm.version" value="20.65-b04-462"/>
    <property name="awt.nativeDoubleBuffering" value="true"/>
    <property name="gopherProxySet" value="false"/>
    <property name="mrj.build" value="11M4609"/>
    <property name="java.vm.vendor" value="Apple Inc."/>
    <property name="java.vendor.url" value="http://www.apple.com/"/>
    <property name="path.separator" value=":"/>
    <property name="java.vm.name" value="Java HotSpot(TM) 64-Bit Server VM"/>
    <property name="file.encoding.pkg" value="sun.io"/>
    <property name="user.country" value="US"/>
    <property name="sun.java.launcher" value="SUN_STANDARD"/>
    <property name="sun.os.patch.level" value="unknown"/>
    <property name="java.vm.specification.name" value="Java Virtual Machine Specification"/>
    <property name="user.dir" value="/Users/asadzaman/Documents/workspace/ParallelTestAutomation"/>
    <property name="java.runtime.version" value="1.6.0_65-b14-462-11M4609"/>
    <property name="java.awt.graphicsenv" value="apple.awt.CGraphicsEnvironment"/>
    <property name="basedir" value="/Users/asadzaman/Documents/workspace/ParallelTestAutomation"/>
    <property name="java.endorsed.dirs" value="/System/Library/Java/JavaVirtualMachines/1.6.0.jdk/Contents/Home/lib/endorsed"/>
    <property name="os.arch" value="x86_64"/>
    <property name="surefire.real.class.path" value="/Users/asadzaman/Documents/workspace/ParallelTestAutomation/target/surefire/surefirebooter2204829801455336420.jar"/>
    <property name="java.io.tmpdir" value="/var/folders/1y/6srx9ct12xggjc4zx5y9b2lr0000gn/T/"/>
    <property name="line.separator" value="
"/>
    <property name="java.vm.specification.vendor" value="Sun Microsystems Inc."/>
    <property name="os.name" value="Mac OS X"/>
    <property name="sun.jnu.encoding" value="MacRoman"/>
    <property name="java.library.path" value=".:/Library/Java/Extensions:/System/Library/Java/Extensions:/usr/lib/java"/>
    <property name="surefire.test.class.path" value="/Users/asadzaman/Documents/workspace/ParallelTestAutomation/target/test-classes:/Users/asadzaman/Documents/workspace/ParallelTestAutomation/target/classes:/Users/asadzaman/.m2/repository/org/seleniumhq/selenium/selenium-java/2.37.1/selenium-java-2.37.1.jar:/Users/asadzaman/.m2/repository/org/seleniumhq/selenium/selenium-android-driver/2.37.1/selenium-android-driver-2.37.1.jar:/Users/asadzaman/.m2/repository/org/seleniumhq/selenium/selenium-remote-driver/2.37.1/selenium-remote-driver-2.37.1.jar:/Users/asadzaman/.m2/repository/cglib/cglib-nodep/2.1_3/cglib-nodep-2.1_3.jar:/Users/asadzaman/.m2/repository/org/json/json/20080701/json-20080701.jar:/Users/asadzaman/.m2/repository/com/google/guava/guava/15.0/guava-15.0.jar:/Users/asadzaman/.m2/repository/org/seleniumhq/selenium/selenium-chrome-driver/2.37.1/selenium-chrome-driver-2.37.1.jar:/Users/asadzaman/.m2/repository/org/seleniumhq/selenium/selenium-htmlunit-driver/2.37.1/selenium-htmlunit-driver-2.37.1.jar:/Users/asadzaman/.m2/repository/net/sourceforge/htmlunit/htmlunit/2.13/htmlunit-2.13.jar:/Users/asadzaman/.m2/repository/xalan/xalan/2.7.1/xalan-2.7.1.jar:/Users/asadzaman/.m2/repository/xalan/serializer/2.7.1/serializer-2.7.1.jar:/Users/asadzaman/.m2/repository/commons-collections/commons-collections/3.2.1/commons-collections-3.2.1.jar:/Users/asadzaman/.m2/repository/org/apache/commons/commons-lang3/3.1/commons-lang3-3.1.jar:/Users/asadzaman/.m2/repository/org/apache/httpcomponents/httpmime/4.3.1/httpmime-4.3.1.jar:/Users/asadzaman/.m2/repository/commons-codec/commons-codec/1.8/commons-codec-1.8.jar:/Users/asadzaman/.m2/repository/net/sourceforge/htmlunit/htmlunit-core-js/2.13/htmlunit-core-js-2.13.jar:/Users/asadzaman/.m2/repository/xerces/xercesImpl/2.11.0/xercesImpl-2.11.0.jar:/Users/asadzaman/.m2/repository/xml-apis/xml-apis/1.4.01/xml-apis-1.4.01.jar:/Users/asadzaman/.m2/repository/net/sourceforge/nekohtml/nekohtml/1.9.19/nekohtml-1.9.19.jar:/Users/asadzaman/.m2/repository/net/sourceforge/cssparser/cssparser/0.9.11/cssparser-0.9.11.jar:/Users/asadzaman/.m2/repository/org/w3c/css/sac/1.3/sac-1.3.jar:/Users/asadzaman/.m2/repository/commons-logging/commons-logging/1.1.3/commons-logging-1.1.3.jar:/Users/asadzaman/.m2/repository/org/eclipse/jetty/jetty-websocket/8.1.12.v20130726/jetty-websocket-8.1.12.v20130726.jar:/Users/asadzaman/.m2/repository/org/eclipse/jetty/jetty-util/8.1.12.v20130726/jetty-util-8.1.12.v20130726.jar:/Users/asadzaman/.m2/repository/org/eclipse/jetty/jetty-io/8.1.12.v20130726/jetty-io-8.1.12.v20130726.jar:/Users/asadzaman/.m2/repository/org/eclipse/jetty/jetty-http/8.1.12.v20130726/jetty-http-8.1.12.v20130726.jar:/Users/asadzaman/.m2/repository/org/apache/httpcomponents/httpclient/4.3/httpclient-4.3.jar:/Users/asadzaman/.m2/repository/org/apache/httpcomponents/httpcore/4.3/httpcore-4.3.jar:/Users/asadzaman/.m2/repository/org/seleniumhq/selenium/selenium-firefox-driver/2.37.1/selenium-firefox-driver-2.37.1.jar:/Users/asadzaman/.m2/repository/commons-io/commons-io/2.2/commons-io-2.2.jar:/Users/asadzaman/.m2/repository/org/apache/commons/commons-exec/1.1/commons-exec-1.1.jar:/Users/asadzaman/.m2/repository/org/seleniumhq/selenium/selenium-ie-driver/2.37.1/selenium-ie-driver-2.37.1.jar:/Users/asadzaman/.m2/repository/net/java/dev/jna/jna/3.4.0/jna-3.4.0.jar:/Users/asadzaman/.m2/repository/net/java/dev/jna/platform/3.4.0/platform-3.4.0.jar:/Users/asadzaman/.m2/repository/org/seleniumhq/selenium/selenium-iphone-driver/2.37.1/selenium-iphone-driver-2.37.1.jar:/Users/asadzaman/.m2/repository/org/seleniumhq/selenium/selenium-safari-driver/2.37.1/selenium-safari-driver-2.37.1.jar:/Users/asadzaman/.m2/repository/org/seleniumhq/selenium/selenium-support/2.37.1/selenium-support-2.37.1.jar:/Users/asadzaman/.m2/repository/org/seleniumhq/selenium/selenium-api/2.37.1/selenium-api-2.37.1.jar:/Users/asadzaman/.m2/repository/org/webbitserver/webbit/0.4.14/webbit-0.4.14.jar:/Users/asadzaman/.m2/repository/io/netty/netty/3.5.2.Final/netty-3.5.2.Final.jar:/Users/asadzaman/.m2/repository/org/testng/testng/6.8.7/testng-6.8.7.jar:/Users/asadzaman/.m2/repository/junit/junit/4.10/junit-4.10.jar:/Users/asadzaman/.m2/repository/org/hamcrest/hamcrest-core/1.1/hamcrest-core-1.1.jar:/Users/asadzaman/.m2/repository/org/beanshell/bsh/2.0b4/bsh-2.0b4.jar:/Users/asadzaman/.m2/repository/com/beust/jcommander/1.27/jcommander-1.27.jar:/Users/asadzaman/.m2/repository/org/yaml/snakeyaml/1.12/snakeyaml-1.12.jar:"/>
    <property name="java.specification.name" value="Java Platform API Specification"/>
    <property name="java.class.version" value="50.0"/>
    <property name="sun.management.compiler" value="HotSpot 64-Bit Tiered Compilers"/>
    <property name="os.version" value="10.8.5"/>
    <property name="http.nonProxyHosts" value="local|*.local|169.254/16|*.169.254/16"/>
    <property name="user.home" value="/Users/asadzaman"/>
    <property name="user.timezone" value="America/New_York"/>
    <property name="java.awt.printerjob" value="apple.awt.CPrinterJob"/>
    <property name="java.specification.version" value="1.6"/>
    <property name="file.encoding" value="MacRoman"/>
    <property name="user.name" value="asadzaman"/>
    <property name="java.class.path" value="/Users/asadzaman/Documents/workspace/ParallelTestAutomation/target/test-classes:/Users/asadzaman/Documents/workspace/ParallelTestAutomation/target/classes:/Users/asadzaman/.m2/repository/org/seleniumhq/selenium/selenium-java/2.37.1/selenium-java-2.37.1.jar:/Users/asadzaman/.m2/repository/org/seleniumhq/selenium/selenium-android-driver/2.37.1/selenium-android-driver-2.37.1.jar:/Users/asadzaman/.m2/repository/org/seleniumhq/selenium/selenium-remote-driver/2.37.1/selenium-remote-driver-2.37.1.jar:/Users/asadzaman/.m2/repository/cglib/cglib-nodep/2.1_3/cglib-nodep-2.1_3.jar:/Users/asadzaman/.m2/repository/org/json/json/20080701/json-20080701.jar:/Users/asadzaman/.m2/repository/com/google/guava/guava/15.0/guava-15.0.jar:/Users/asadzaman/.m2/repository/org/seleniumhq/selenium/selenium-chrome-driver/2.37.1/selenium-chrome-driver-2.37.1.jar:/Users/asadzaman/.m2/repository/org/seleniumhq/selenium/selenium-htmlunit-driver/2.37.1/selenium-htmlunit-driver-2.37.1.jar:/Users/asadzaman/.m2/repository/net/sourceforge/htmlunit/htmlunit/2.13/htmlunit-2.13.jar:/Users/asadzaman/.m2/repository/xalan/xalan/2.7.1/xalan-2.7.1.jar:/Users/asadzaman/.m2/repository/xalan/serializer/2.7.1/serializer-2.7.1.jar:/Users/asadzaman/.m2/repository/commons-collections/commons-collections/3.2.1/commons-collections-3.2.1.jar:/Users/asadzaman/.m2/repository/org/apache/commons/commons-lang3/3.1/commons-lang3-3.1.jar:/Users/asadzaman/.m2/repository/org/apache/httpcomponents/httpmime/4.3.1/httpmime-4.3.1.jar:/Users/asadzaman/.m2/repository/commons-codec/commons-codec/1.8/commons-codec-1.8.jar:/Users/asadzaman/.m2/repository/net/sourceforge/htmlunit/htmlunit-core-js/2.13/htmlunit-core-js-2.13.jar:/Users/asadzaman/.m2/repository/xerces/xercesImpl/2.11.0/xercesImpl-2.11.0.jar:/Users/asadzaman/.m2/repository/xml-apis/xml-apis/1.4.01/xml-apis-1.4.01.jar:/Users/asadzaman/.m2/repository/net/sourceforge/nekohtml/nekohtml/1.9.19/nekohtml-1.9.19.jar:/Users/asadzaman/.m2/repository/net/sourceforge/cssparser/cssparser/0.9.11/cssparser-0.9.11.jar:/Users/asadzaman/.m2/repository/org/w3c/css/sac/1.3/sac-1.3.jar:/Users/asadzaman/.m2/repository/commons-logging/commons-logging/1.1.3/commons-logging-1.1.3.jar:/Users/asadzaman/.m2/repository/org/eclipse/jetty/jetty-websocket/8.1.12.v20130726/jetty-websocket-8.1.12.v20130726.jar:/Users/asadzaman/.m2/repository/org/eclipse/jetty/jetty-util/8.1.12.v20130726/jetty-util-8.1.12.v20130726.jar:/Users/asadzaman/.m2/repository/org/eclipse/jetty/jetty-io/8.1.12.v20130726/jetty-io-8.1.12.v20130726.jar:/Users/asadzaman/.m2/repository/org/eclipse/jetty/jetty-http/8.1.12.v20130726/jetty-http-8.1.12.v20130726.jar:/Users/asadzaman/.m2/repository/org/apache/httpcomponents/httpclient/4.3/httpclient-4.3.jar:/Users/asadzaman/.m2/repository/org/apache/httpcomponents/httpcore/4.3/httpcore-4.3.jar:/Users/asadzaman/.m2/repository/org/seleniumhq/selenium/selenium-firefox-driver/2.37.1/selenium-firefox-driver-2.37.1.jar:/Users/asadzaman/.m2/repository/commons-io/commons-io/2.2/commons-io-2.2.jar:/Users/asadzaman/.m2/repository/org/apache/commons/commons-exec/1.1/commons-exec-1.1.jar:/Users/asadzaman/.m2/repository/org/seleniumhq/selenium/selenium-ie-driver/2.37.1/selenium-ie-driver-2.37.1.jar:/Users/asadzaman/.m2/repository/net/java/dev/jna/jna/3.4.0/jna-3.4.0.jar:/Users/asadzaman/.m2/repository/net/java/dev/jna/platform/3.4.0/platform-3.4.0.jar:/Users/asadzaman/.m2/repository/org/seleniumhq/selenium/selenium-iphone-driver/2.37.1/selenium-iphone-driver-2.37.1.jar:/Users/asadzaman/.m2/repository/org/seleniumhq/selenium/selenium-safari-driver/2.37.1/selenium-safari-driver-2.37.1.jar:/Users/asadzaman/.m2/repository/org/seleniumhq/selenium/selenium-support/2.37.1/selenium-support-2.37.1.jar:/Users/asadzaman/.m2/repository/org/seleniumhq/selenium/selenium-api/2.37.1/selenium-api-2.37.1.jar:/Users/asadzaman/.m2/repository/org/webbitserver/webbit/0.4.14/webbit-0.4.14.jar:/Users/asadzaman/.m2/repository/io/netty/netty/3.5.2.Final/netty-3.5.2.Final.jar:/Users/asadzaman/.m2/repository/org/testng/testng/6.8.7/testng-6.8.7.jar:/Users/asadzaman/.m2/repository/junit/junit/4.10/junit-4.10.jar:/Users/asadzaman/.m2/repository/org/hamcrest/hamcrest-core/1.1/hamcrest-core-1.1.jar:/Users/asadzaman/.m2/repository/org/beanshell/bsh/2.0b4/bsh-2.0b4.jar:/Users/asadzaman/.m2/repository/com/beust/jcommander/1.27/jcommander-1.27.jar:/Users/asadzaman/.m2/repository/org/yaml/snakeyaml/1.12/snakeyaml-1.12.jar:"/>
    <property name="java.vm.specification.version" value="1.0"/>
    <property name="sun.arch.data.model" value="64"/>
    <property name="java.home" value="/System/Library/Java/JavaVirtualMachines/1.6.0.jdk/Contents/Home"/>
    <property name="sun.java.command" value="/Users/asadzaman/Documents/workspace/ParallelTestAutomation/target/surefire/surefirebooter2204829801455336420.jar /Users/asadzaman/Documents/workspace/ParallelTestAutomation/target/surefire/surefire3502567594524988401tmp /Users/asadzaman/Documents/workspace/ParallelTestAutomation/target/surefire/surefire6209756981098174847tmp"/>
    <property name="java.specification.vendor" value="Sun Microsystems Inc."/>
    <property name="user.language" value="en"/>
    <property name="awt.toolkit" value="apple.awt.CToolkit"/>
    <property name="java.vm.info" value="mixed mode"/>
    <property name="java.version" value="1.6.0_65"/>
    <property name="java.ext.dirs" value="/Library/Java/Extensions:/System/Library/Java/Extensions:/System/Library/Java/JavaVirtualMachines/1.6.0.jdk/Contents/Home/lib/ext"/>
    <property name="sun.boot.class.path" value="/System/Library/Java/JavaVirtualMachines/1.6.0.jdk/Contents/Classes/jsfd.jar:/System/Library/Java/JavaVirtualMachines/1.6.0.jdk/Contents/Classes/classes.jar:/System/Library/Frameworks/JavaVM.framework/Frameworks/JavaRuntimeSupport.framework/Resources/Java/JavaRuntimeSupport.jar:/System/Library/Java/JavaVirtualMachines/1.6.0.jdk/Contents/Classes/ui.jar:/System/Library/Java/JavaVirtualMachines/1.6.0.jdk/Contents/Classes/laf.jar:/System/Library/Java/JavaVirtualMachines/1.6.0.jdk/Contents/Classes/sunrsasign.jar:/System/Library/Java/JavaVirtualMachines/1.6.0.jdk/Contents/Classes/jsse.jar:/System/Library/Java/JavaVirtualMachines/1.6.0.jdk/Contents/Classes/jce.jar:/System/Library/Java/JavaVirtualMachines/1.6.0.jdk/Contents/Classes/charsets.jar"/>
    <property name="java.vendor" value="Apple Inc."/>
    <property name="localRepository" value="/Users/asadzaman/.m2/repository"/>
    <property name="file.separator" value="/"/>
    <property name="java.vendor.url.bug" value="http://bugreport.apple.com/"/>
    <property name="sun.cpu.endian" value="little"/>
    <property name="sun.io.unicode.encoding" value="UnicodeLittle"/>
    <property name="mrj.version" value="1070.1.6.0_65-462"/>
    <property name="socksNonProxyHosts" value="local|*.local|169.254/16|*.169.254/16"/>
    <property name="ftp.nonProxyHosts" value="local|*.local|169.254/16|*.169.254/16"/>
    <property name="sun.cpu.isalist" value=""/>
  </properties>
  <testcase time="2.627" classname="com.bit.parallel.test.Test03" name="testLink3"/>
  <testcase time="1.027" classname="com.bit.parallel.test.Test02" name="testTwitter"/>
  <testcase time="2.493" classname="com.bit.parallel.test.Test05" name="testBit"/>
  <testcase time="4.239" classname="com.bit.parallel.test.Test04" name="testYahoo"/>
  <testcase time="13.055" classname="com.bit.parallel.test.Test01" name="testFacebook"/>
</testsuite>