<?xml version="1.0" encoding="UTF-8"?>
<!-- Generated by org.testng.reporters.JUnitReportReporter -->
<testsuite hostname="Asads-MacBook-Pro.local" name="com.bit.parallel.test.Test04" tests="1" failures="0" timestamp="12 Nov 2013 22:45:40 GMT" time="9.896" errors="0">
  <testcase name="testYahoo" time="9.896" classname="com.bit.parallel.test.Test04"/>
</testsuite> <!-- com.bit.parallel.test.Test04 -->
