<?xml version="1.0" encoding="UTF-8"?>
<!-- Generated by org.testng.reporters.JUnitReportReporter -->
<testsuite hostname="Asads-MacBook-Pro.local" name="com.bit.parallel.test.Test02" tests="1" failures="0" timestamp="12 Nov 2013 22:47:50 GMT" time="8.434" errors="0">
  <testcase name="testTwitter" time="8.434" classname="com.bit.parallel.test.Test02"/>
</testsuite> <!-- com.bit.parallel.test.Test02 -->
