<?xml version="1.0" encoding="UTF-8"?>
<!-- Generated by org.testng.reporters.JUnitReportReporter -->
<testsuite hostname="Asads-MacBook-Pro.local" name="com.bit.parallel.test.Test05" tests="1" failures="0" timestamp="12 Nov 2013 22:47:50 GMT" time="4.323" errors="0">
  <testcase name="testBit" time="4.323" classname="com.bit.parallel.test.Test05"/>
</testsuite> <!-- com.bit.parallel.test.Test05 -->
