<?xml version="1.0" encoding="UTF-8"?>
<!-- Generated by org.testng.reporters.JUnitReportReporter -->
<testsuite hostname="Asads-MacBook-Pro.local" name="com.bit.parallel.test.Test01" tests="1" failures="0" timestamp="12 Nov 2013 22:47:50 GMT" time="20.460" errors="0">
  <testcase name="testFacebook" time="20.460" classname="com.bit.parallel.test.Test01"/>
</testsuite> <!-- com.bit.parallel.test.Test01 -->
